2026-06-25 12:46:49 [INF] Executed DbCommand (28ms) [Parameters=[], CommandType='"Text"', CommandTimeout='30']
PRAGMA journal_mode = 'wal';
2026-06-25 12:46:49 [INF] Executed DbCommand (1ms) [Parameters=[], CommandType='"Text"', CommandTimeout='30']
CREATE TABLE "History" (
    "Id" INTEGER NOT NULL CONSTRAINT "PK_History" PRIMARY KEY AUTOINCREMENT,
    "Url" TEXT NOT NULL,
    "Platform" TEXT NOT NULL,
    "Title" TEXT NULL,
    "Thumbnail" TEXT NULL,
    "Timestamp" TEXT NOT NULL,
    "Success" INTEGER NOT NULL
);
2026-06-25 12:46:49 [INF] Now listening on: http://localhost:5010
2026-06-25 12:46:49 [INF] Application started. Press Ctrl+C to shut down.
2026-06-25 12:46:49 [INF] Hosting environment: Development
2026-06-25 12:46:49 [INF] Content root path: D:\Projects\issam's tube\backend
2026-06-25 12:47:01 [INF] Application is shutting down...
2026-06-25 12:47:11 [INF] Executed DbCommand (27ms) [Parameters=[], CommandType='"Text"', CommandTimeout='30']
SELECT COUNT(*) FROM "sqlite_master" WHERE "type" = 'table' AND "rootpage" IS NOT NULL;
2026-06-25 12:47:11 [INF] Now listening on: http://localhost:5010
2026-06-25 12:47:11 [INF] Application started. Press Ctrl+C to shut down.
2026-06-25 12:47:11 [INF] Hosting environment: Development
2026-06-25 12:47:11 [INF] Content root path: D:\Projects\issam's tube\backend
2026-06-25 12:47:15 [INF] Request starting HTTP/1.1 GET http://localhost:5010/ - null null
2026-06-25 12:47:16 [INF] Executing endpoint 'HTTP: GET /'
2026-06-25 12:47:16 [INF] Executed endpoint 'HTTP: GET /'
2026-06-25 12:47:16 [INF] Request finished HTTP/1.1 GET http://localhost:5010/ - 200 null text/plain; charset=utf-8 300.7054ms
2026-06-25 12:47:21 [INF] Request starting HTTP/1.1 GET http://localhost:5010/swagger - null null
2026-06-25 12:47:21 [INF] Request finished HTTP/1.1 GET http://localhost:5010/swagger - 301 0 null 26.2408ms
2026-06-25 12:47:21 [INF] Request starting HTTP/1.1 GET http://localhost:5010/swagger/index.html - null null
2026-06-25 12:47:21 [INF] Request finished HTTP/1.1 GET http://localhost:5010/swagger/index.html - 304 null null 176.3993ms
2026-06-25 12:47:21 [INF] Request starting HTTP/1.1 GET http://localhost:5010/swagger/swagger-ui.css - null null
2026-06-25 12:47:21 [INF] Request starting HTTP/1.1 GET http://localhost:5010/swagger/index.css - null null
2026-06-25 12:47:21 [INF] Request starting HTTP/1.1 GET http://localhost:5010/swagger/swagger-ui-bundle.js - null null
2026-06-25 12:47:21 [INF] Request starting HTTP/1.1 GET http://localhost:5010/swagger/swagger-ui-standalone-preset.js - null null
2026-06-25 12:47:21 [INF] Request starting HTTP/1.1 GET http://localhost:5010/swagger/index.js - null null
2026-06-25 12:47:22 [INF] Request finished HTTP/1.1 GET http://localhost:5010/swagger/swagger-ui.css - 304 null null 60.5041ms
2026-06-25 12:47:22 [INF] Request finished HTTP/1.1 GET http://localhost:5010/swagger/index.css - 304 null null 59.8829ms
2026-06-25 12:47:22 [INF] Request finished HTTP/1.1 GET http://localhost:5010/swagger/swagger-ui-standalone-preset.js - 304 null null 89.1004ms
2026-06-25 12:47:22 [INF] Request finished HTTP/1.1 GET http://localhost:5010/swagger/swagger-ui-bundle.js - 304 null null 98.9638ms
2026-06-25 12:47:22 [INF] Request finished HTTP/1.1 GET http://localhost:5010/swagger/index.js - 304 null null 100.154ms
2026-06-25 12:47:22 [INF] Request starting HTTP/1.1 GET http://localhost:5010/swagger/v1/swagger.json - null null
2026-06-25 12:47:22 [INF] No action descriptors found. This may indicate an incorrectly configured application or missing application parts. To learn more, visit https://aka.ms/aspnet/mvc/app-parts
2026-06-25 12:47:22 [INF] Request finished HTTP/1.1 GET http://localhost:5010/swagger/v1/swagger.json - 200 null application/json;charset=utf-8 344.0027ms
2026-06-25 12:50:59 [INF] Request starting HTTP/1.1 POST http://localhost:5010/extract - application/json 80
2026-06-25 12:50:59 [INF] Executing endpoint 'HTTP: POST /extract'
2026-06-25 12:51:03 [INF] Extraction Instagram true in 4756ms — https://www.instagram.com/reel/DZ90xY9Tu2W/?igsh=NTNqcG42OHk...
2026-06-25 12:51:04 [INF] Executed DbCommand (18ms) [Parameters=[@p0='?' (Size = 9), @p1='?' (DbType = Boolean), @p2='?' (Size = 519), @p3='?' (DbType = DateTime), @p4='?' (Size = 27), @p5='?' (Size = 65)], CommandType='"Text"', CommandTimeout='30']
INSERT INTO "History" ("Platform", "Success", "Thumbnail", "Timestamp", "Title", "Url")
VALUES (@p0, @p1, @p2, @p3, @p4, @p5)
RETURNING "Id";
2026-06-25 12:51:04 [INF] Setting HTTP status code 200.
2026-06-25 12:51:04 [INF] Writing value of type 'ExtractResponse' as Json.
2026-06-25 12:51:04 [INF] Executed endpoint 'HTTP: POST /extract'
2026-06-25 12:51:04 [INF] Request finished HTTP/1.1 POST http://localhost:5010/extract - 200 null application/json; charset=utf-8 5516.6271ms
2026-06-25 12:51:40 [INF] Request starting HTTP/1.1 GET http://localhost:5010/history - null null
2026-06-25 12:51:40 [INF] Executing endpoint 'HTTP: GET /history'
2026-06-25 12:51:40 [INF] Executed DbCommand (0ms) [Parameters=[@__p_0='?' (DbType = Int32)], CommandType='"Text"', CommandTimeout='30']
SELECT "h"."Id", "h"."Platform", "h"."Success", "h"."Thumbnail", "h"."Timestamp", "h"."Title", "h"."Url"
FROM "History" AS "h"
ORDER BY "h"."Timestamp" DESC
LIMIT @__p_0
2026-06-25 12:51:40 [INF] Setting HTTP status code 200.
2026-06-25 12:51:40 [INF] Writing value of type 'List`1' as Json.
2026-06-25 12:51:40 [INF] Executed endpoint 'HTTP: GET /history'
2026-06-25 12:51:40 [INF] Request finished HTTP/1.1 GET http://localhost:5010/history - 200 null application/json; charset=utf-8 884.8512ms
2026-06-25 14:40:23 [INF] Application is shutting down...
2026-06-25 13:45:19 [INF] Executed DbCommand (29ms) [Parameters=[], CommandType='"Text"', CommandTimeout='30']
PRAGMA journal_mode = 'wal';
2026-06-25 13:45:19 [INF] Executed DbCommand (1ms) [Parameters=[], CommandType='"Text"', CommandTimeout='30']
CREATE TABLE "History" (
    "Id" INTEGER NOT NULL CONSTRAINT "PK_History" PRIMARY KEY AUTOINCREMENT,
    "Url" TEXT NOT NULL,
    "Platform" TEXT NOT NULL,
    "Title" TEXT NULL,
    "Thumbnail" TEXT NULL,
    "Timestamp" TEXT NOT NULL,
    "Success" INTEGER NOT NULL
);
2026-06-25 13:45:19 [WRN] Overriding HTTP_PORTS '8080' and HTTPS_PORTS ''. Binding to values defined by URLS instead 'http://+:8080'.
2026-06-25 13:45:19 [INF] Now listening on: http://[::]:8080
2026-06-25 13:45:19 [INF] Application started. Press Ctrl+C to shut down.
2026-06-25 13:45:19 [INF] Hosting environment: Production
2026-06-25 13:45:19 [INF] Content root path: /app
2026-06-25 13:48:26 [INF] Application is shutting down...
2026-06-25 13:48:30 [INF] Executed DbCommand (27ms) [Parameters=[], CommandType='"Text"', CommandTimeout='30']
PRAGMA journal_mode = 'wal';
2026-06-25 13:48:31 [INF] Executed DbCommand (1ms) [Parameters=[], CommandType='"Text"', CommandTimeout='30']
CREATE TABLE "History" (
    "Id" INTEGER NOT NULL CONSTRAINT "PK_History" PRIMARY KEY AUTOINCREMENT,
    "Url" TEXT NOT NULL,
    "Platform" TEXT NOT NULL,
    "Title" TEXT NULL,
    "Thumbnail" TEXT NULL,
    "Timestamp" TEXT NOT NULL,
    "Success" INTEGER NOT NULL
);
2026-06-25 13:48:31 [WRN] Overriding HTTP_PORTS '8080' and HTTPS_PORTS ''. Binding to values defined by URLS instead 'http://+:8080'.
2026-06-25 13:48:31 [INF] Now listening on: http://[::]:8080
2026-06-25 13:48:31 [INF] Application started. Press Ctrl+C to shut down.
2026-06-25 13:48:31 [INF] Hosting environment: Production
2026-06-25 13:48:31 [INF] Content root path: /app
2026-06-25 13:48:40 [INF] Application is shutting down...
2026-06-25 13:49:11 [INF] Executed DbCommand (37ms) [Parameters=[], CommandType='"Text"', CommandTimeout='30']
PRAGMA journal_mode = 'wal';
2026-06-25 13:49:12 [INF] Executed DbCommand (0ms) [Parameters=[], CommandType='"Text"', CommandTimeout='30']
CREATE TABLE "History" (
    "Id" INTEGER NOT NULL CONSTRAINT "PK_History" PRIMARY KEY AUTOINCREMENT,
    "Url" TEXT NOT NULL,
    "Platform" TEXT NOT NULL,
    "Title" TEXT NULL,
    "Thumbnail" TEXT NULL,
    "Timestamp" TEXT NOT NULL,
    "Success" INTEGER NOT NULL
);
2026-06-25 13:49:12 [WRN] Overriding HTTP_PORTS '8080' and HTTPS_PORTS ''. Binding to values defined by URLS instead 'http://+:8080'.
2026-06-25 13:49:12 [INF] Now listening on: http://[::]:8080
2026-06-25 13:49:12 [INF] Application started. Press Ctrl+C to shut down.
2026-06-25 13:49:12 [INF] Hosting environment: Production
2026-06-25 13:49:12 [INF] Content root path: /app
2026-06-25 14:15:50 [INF] Application is shutting down...
